<?xml version="1.0" encoding="UTF-8"?>
<!-- Generated by org.testng.reporters.JUnitReportReporter -->
<testsuite hostname="SindhuS-PC" name="homepage.screenshotele" tests="1" failures="0" timestamp="20 Aug 2019 05:53:01 GMT" time="16.837" errors="0">
  <testcase name="elesshot" time="16.837" classname="homepage.screenshotele"/>
</testsuite> <!-- homepage.screenshotele -->
