<?xml version="1.0" encoding="UTF-8"?>
<!-- Generated by org.testng.reporters.JUnitReportReporter -->
<testsuite hostname="SindhuS-PC" name="homepage.redbus" tests="1" failures="0" timestamp="20 Aug 2019 12:25:40 GMT" time="18.772" errors="0">
  <testcase name="bookticket" time="18.772" classname="homepage.redbus"/>
</testsuite> <!-- homepage.redbus -->
