<?xml version="1.0" encoding="UTF-8"?>
<!-- Generated by org.testng.reporters.JUnitReportReporter -->
<testsuite hostname="SindhuS-PC" name="homepage.blinksQsp" tests="1" failures="0" timestamp="20 Aug 2019 09:22:14 GMT" time="39.026" errors="0">
  <testcase name="bluest" time="39.026" classname="homepage.blinksQsp"/>
</testsuite> <!-- homepage.blinksQsp -->
