<?xml version="1.0" encoding="UTF-8"?>
<!-- Generated by org.testng.reporters.JUnitReportReporter -->
<testsuite hostname="SindhuS-PC" name="homepage.Upload" tests="1" failures="0" timestamp="16 Aug 2019 09:05:59 GMT" time="98.712" errors="0">
  <testcase name="runtest" time="98.712" classname="homepage.Upload"/>
</testsuite> <!-- homepage.Upload -->
